[    0.000000] Linux version 4.15.0-213-generic (buildd@lcy02-amd64-079) (gcc version 7.5.0 (Ubuntu 7.5.0-3ubuntu1~18.04)) #224-Ubuntu SMP Mon Jun 19 13:30:12 UTC 2023 (Ubuntu 4.15.0-213.224-generic 4.15.18)
[    0.000000] Command line: BOOT_IMAGE=/boot/vmlinuz-4.15.0-213-generic root=UUID=f685bb41-0e3b-40c4-89c1-eea0f0583525 ro console=tty1 console=ttyS0
[    0.000000] KERNEL supported cpus:
[    0.000000]   Intel GenuineIntel
[    0.000000]   AMD AuthenticAMD
[    0.000000]   Centaur CentaurHauls
[    0.000000] [Firmware Bug]: TSC doesn't count with P0 frequency!
[    0.000000] x86/fpu: Supporting XSAVE feature 0x001: 'x87 floating point registers'
[    0.000000] x86/fpu: Supporting XSAVE feature 0x002: 'SSE registers'
[    0.000000] x86/fpu: Supporting XSAVE feature 0x004: 'AVX registers'
[    0.000000] x86/fpu: xstate_offset[2]:  576, xstate_sizes[2]:  256
[    0.000000] x86/fpu: Enabled xstate features 0x7, context size is 832 bytes, using 'standard' format.
[    0.000000] e820: BIOS-provided physical RAM map:
[    0.000000] BIOS-e820: [mem 0x0000000000000000-0x000000000009fbff] usable
[    0.000000] BIOS-e820: [mem 0x000000000009fc00-0x000000000009ffff] reserved
[    0.000000] BIOS-e820: [mem 0x00000000000f0000-0x00000000000fffff] reserved
[    0.000000] BIOS-e820: [mem 0x0000000000100000-0x000000003ffeffff] usable
[    0.000000] BIOS-e820: [mem 0x000000003fff0000-0x000000003fffffff] ACPI data
[    0.000000] BIOS-e820: [mem 0x00000000fec00000-0x00000000fec00fff] reserved
[    0.000000] BIOS-e820: [mem 0x00000000fee00000-0x00000000fee00fff] reserved
[    0.000000] BIOS-e820: [mem 0x00000000fffc0000-0x00000000ffffffff] reserved
[    0.000000] NX (Execute Disable) protection: active
[    0.000000] SMBIOS 2.5 present.
[    0.000000] DMI: innotek GmbH VirtualBox/VirtualBox, BIOS VirtualBox 12/01/2006
[    0.000000] Hypervisor detected: KVM
[    0.000000] e820: last_pfn = 0x3fff0 max_arch_pfn = 0x400000000
[    0.000000] MTRR: Disabled
[    0.000000] x86/PAT: MTRRs disabled, skipping PAT initialization too.
[    0.000000] CPU MTRRs all blank - virtualized system.
[    0.000000] x86/PAT: Configuration [0-7]: WB  WT  UC- UC  WB  WT  UC- UC  
[    0.000000] found SMP MP-table at [mem 0x0009fff0-0x0009ffff]
[    0.000000] Scanning 1 areas for low memory corruption
[    0.000000] RAMDISK: [mem 0x35819000-0x36c03fff]
[    0.000000] ACPI: Early table checksum verification disabled
[    0.000000] ACPI: RSDP 0x00000000000E0000 000024 (v02 VBOX  )
[    0.000000] ACPI: XSDT 0x000000003FFF0030 00003C (v01 VBOX   VBOXXSDT 00000001 ASL  00000061)
[    0.000000] ACPI: FACP 0x000000003FFF00F0 0000F4 (v04 VBOX   VBOXFACP 00000001 ASL  00000061)
[    0.000000] ACPI: DSDT 0x000000003FFF0470 002325 (v02 VBOX   VBOXBIOS 00000002 INTL 20200925)
[    0.000000] ACPI: FACS 0x000000003FFF0200 000040
[    0.000000] ACPI: FACS 0x000000003FFF0200 000040
[    0.000000] ACPI: APIC 0x000000003FFF0240 00005C (v02 VBOX   VBOXAPIC 00000001 ASL  00000061)
[    0.000000] ACPI: SSDT 0x000000003FFF02A0 0001CC (v01 VBOX   VBOXCPUT 00000002 INTL 20200925)
[    0.000000] ACPI: Reserving FACP table memory at [mem 0x3fff00f0-0x3fff01e3]
[    0.000000] ACPI: Reserving DSDT table memory at [mem 0x3fff0470-0x3fff2794]
[    0.000000] ACPI: Reserving FACS table memory at [mem 0x3fff0200-0x3fff023f]
[    0.000000] ACPI: Reserving FACS table memory at [mem 0x3fff0200-0x3fff023f]
[    0.000000] ACPI: Reserving APIC table memory at [mem 0x3fff0240-0x3fff029b]
[    0.000000] ACPI: Reserving SSDT table memory at [mem 0x3fff02a0-0x3fff046b]
[    0.000000] No NUMA configuration found
[    0.000000] Faking a node at [mem 0x0000000000000000-0x000000003ffeffff]
[    0.000000] NODE_DATA(0) allocated [mem 0x3ffc5000-0x3ffeffff]
[    0.000000] kvm-clock: cpu 0, msr 0:3ff44001, primary cpu clock
[    0.000000] kvm-clock: Using msrs 4b564d01 and 4b564d00
[    0.000000] kvm-clock: using sched offset of 3350894261 cycles
[    0.000000] clocksource: kvm-clock: mask: 0xffffffffffffffff max_cycles: 0x1cd42e4dffb, max_idle_ns: 881590591483 ns
[    0.000000] Zone ranges:
[    0.000000]   DMA      [mem 0x0000000000001000-0x0000000000ffffff]
[    0.000000]   DMA32    [mem 0x0000000001000000-0x000000003ffeffff]
[    0.000000]   Normal   empty
[    0.000000]   Device   empty
[    0.000000] Movable zone start for each node
[    0.000000] Early memory node ranges
[    0.000000]   node   0: [mem 0x0000000000001000-0x000000000009efff]
[    0.000000]   node   0: [mem 0x0000000000100000-0x000000003ffeffff]
[    0.000000] Reserved but unavailable: 104 pages
[    0.000000] Initmem setup node 0 [mem 0x0000000000001000-0x000000003ffeffff]
[    0.000000] ACPI: PM-Timer IO Port: 0x4008
[    0.000000] IOAPIC[0]: apic_id 2, version 32, address 0xfec00000, GSI 0-23
[    0.000000] ACPI: INT_SRC_OVR (bus 0 bus_irq 0 global_irq 2 dfl dfl)
[    0.000000] ACPI: INT_SRC_OVR (bus 0 bus_irq 9 global_irq 9 low level)
[    0.000000] Using ACPI (MADT) for SMP configuration information
[    0.000000] smpboot: Allowing 2 CPUs, 0 hotplug CPUs
[    0.000000] PM: Registered nosave memory: [mem 0x00000000-0x00000fff]
[    0.000000] PM: Registered nosave memory: [mem 0x0009f000-0x0009ffff]
[    0.000000] PM: Registered nosave memory: [mem 0x000a0000-0x000effff]
[    0.000000] PM: Registered nosave memory: [mem 0x000f0000-0x000fffff]
[    0.000000] e820: [mem 0x40000000-0xfebfffff] available for PCI devices
[    0.000000] Booting paravirtualized kernel on KVM
[    0.000000] clocksource: refined-jiffies: mask: 0xffffffff max_cycles: 0xffffffff, max_idle_ns: 7645519600211568 ns
[    0.000000] setup_percpu: NR_CPUS:8192 nr_cpumask_bits:2 nr_cpu_ids:2 nr_node_ids:1
[    0.000000] percpu: Embedded 50 pages/cpu s167936 r8192 d28672 u1048576
[    0.000000] PV qspinlock hash table entries: 256 (order: 0, 4096 bytes)
[    0.000000] Built 1 zonelists, mobility grouping on.  Total pages: 257913
[    0.000000] Policy zone: DMA32
[    0.000000] Kernel command line: BOOT_IMAGE=/boot/vmlinuz-4.15.0-213-generic root=UUID=f685bb41-0e3b-40c4-89c1-eea0f0583525 ro console=tty1 console=ttyS0
[    0.000000] Memory: 981776K/1048120K available (12300K kernel code, 2477K rwdata, 4324K rodata, 2480K init, 2720K bss, 66344K reserved, 0K cma-reserved)
[    0.000000] SLUB: HWalign=64, Order=0-3, MinObjects=0, CPUs=2, Nodes=1
[    0.000000] ftrace: allocating 39508 entries in 155 pages
[    0.004000] Hierarchical RCU implementation.
[    0.004000] 	RCU restricting CPUs from NR_CPUS=8192 to nr_cpu_ids=2.
[    0.004000] 	Tasks RCU enabled.
[    0.004000] RCU: Adjusting geometry for rcu_fanout_leaf=16, nr_cpu_ids=2
[    0.004000] NR_IRQS: 524544, nr_irqs: 440, preallocated irqs: 16
[    0.004000] random: crng init done
[    0.004000] Console: colour VGA+ 80x25
[    0.004000] console [tty1] enabled
[    0.004000] console [ttyS0] enabled
[    0.004000] ACPI: Core revision 20170831
[    0.004000] ACPI: 2 ACPI AML tables successfully acquired and loaded
[    0.004000] APIC: Switch to symmetric I/O mode setup
[    0.004000] x2apic enabled
[    0.004000] Switched APIC routing to physical x2apic.
[    0.005238] ..TIMER: vector=0x30 apic1=0 pin1=2 apic2=-1 pin2=-1
[    0.008008] tsc: Detected 3393.620 MHz processor
[    0.008636] Calibrating delay loop (skipped) preset value.. 6787.24 BogoMIPS (lpj=13574480)
[    0.012006] pid_max: default: 32768 minimum: 301
[    0.012942] Security Framework initialized
[    0.013484] Yama: becoming mindful.
[    0.014034] AppArmor: AppArmor initialized
[    0.017055] Dentry cache hash table entries: 131072 (order: 8, 1048576 bytes)
[    0.018336] Inode-cache hash table entries: 65536 (order: 7, 524288 bytes)
[    0.019558] Mount-cache hash table entries: 2048 (order: 2, 16384 bytes)
[    0.020015] Mountpoint-cache hash table entries: 2048 (order: 2, 16384 bytes)
[    0.021530] Last level iTLB entries: 4KB 1024, 2MB 1024, 4MB 512
[    0.022307] Last level dTLB entries: 4KB 1536, 2MB 1536, 4MB 768, 1GB 0
[    0.024007] Spectre V1 : Mitigation: usercopy/swapgs barriers and __user pointer sanitization
[    0.025236] Spectre V2 : Mitigation: Retpolines
[    0.028006] Spectre V2 : Spectre v2 / SpectreRSB mitigation: Filling RSB on context switch
[    0.032003] Spectre V2 : Spectre v2 / SpectreRSB : Filling RSB on VMEXIT
[    0.032942] RETBleed: Vulnerable
[    0.033995] Freeing SMP alternatives memory: 36K
[    0.145663] smpboot: CPU0: AMD Ryzen 5 2600 Six-Core Processor (family: 0x17, model: 0x8, stepping: 0x2)
[    0.148219] Performance Events: PMU not available due to virtualization, using software events only.
[    0.152105] Hierarchical SRCU implementation.
[    0.153952] NMI watchdog: Perf event create on CPU 0 failed with -2
[    0.155176] NMI watchdog: Perf NMI watchdog permanently disabled
[    0.156153] smp: Bringing up secondary CPUs ...
[    0.158138] x86: Booting SMP configuration:
[    0.160011] .... node  #0, CPUs:      #1
[    0.004000] kvm-clock: cpu 1, msr 0:3ff44041, secondary cpu clock
[    0.172032] smp: Brought up 1 node, 2 CPUs
[    0.172779] smpboot: Max logical packages: 1
[    0.173426] smpboot: Total of 2 processors activated (13574.48 BogoMIPS)
[    0.174674] devtmpfs: initialized
[    0.176076] x86/mm: Memory block size: 128MB
[    0.178111] evm: security.selinux
[    0.180003] evm: security.SMACK64
[    0.181297] evm: security.SMACK64EXEC
[    0.182715] evm: security.SMACK64TRANSMUTE
[    0.184003] evm: security.SMACK64MMAP
[    0.185939] evm: security.apparmor
[    0.186663] evm: security.ima
[    0.188004] evm: security.capability
[    0.188717] clocksource: jiffies: mask: 0xffffffff max_cycles: 0xffffffff, max_idle_ns: 7645041785100000 ns
[    0.189447] futex hash table entries: 512 (order: 3, 32768 bytes)
[    0.189447] pinctrl core: initialized pinctrl subsystem
[    0.189447] RTC time:  0:39:41, date: 09/13/23
[    0.190223] NET: Registered protocol family 16
[    0.191497] audit: initializing netlink subsys (disabled)
[    0.196040] audit: type=2000 audit(1694565586.161:1): state=initialized audit_enabled=0 res=1
[    0.198534] cpuidle: using governor ladder
[    0.200042] cpuidle: using governor menu
[    0.200949] ACPI: bus type PCI registered
[    0.200949] acpiphp: ACPI Hot Plug PCI Controller Driver version: 0.5
[    0.201823] PCI: Using configuration type 1 for base access
[    0.204007] PCI: Using configuration type 1 for extended access
[    0.205169] HugeTLB registered 2.00 MiB page size, pre-allocated 0 pages
[    0.208146] ACPI: Added _OSI(Module Device)
[    0.208818] ACPI: Added _OSI(Processor Device)
[    0.210427] ACPI: Added _OSI(3.0 _SCP Extensions)
[    0.211065] ACPI: Added _OSI(Processor Aggregator Device)
[    0.211985] ACPI: Added _OSI(Linux-Dell-Video)
[    0.212007] ACPI: Added _OSI(Linux-Lenovo-NV-HDMI-Audio)
[    0.212797] ACPI: Added _OSI(Linux-HPI-Hybrid-Graphics)
[    0.213955] ACPI: Executed 1 blocks of module-level executable AML code
[    0.214514] ACPI: Interpreter enabled
[    0.220020] ACPI: (supports S0 S5)
[    0.220686] ACPI: Using IOAPIC for interrupt routing
[    0.222020] PCI: Using host bridge windows from ACPI; if necessary, use "pci=nocrs" and report a bug
[    0.223671] ACPI: Enabled 2 GPEs in block 00 to 07
[    0.228053] ACPI: PCI Root Bridge [PCI0] (domain 0000 [bus 00-ff])
[    0.229018] acpi PNP0A03:00: _OSC: OS supports [ExtendedConfig ASPM ClockPM Segments MSI]
[    0.231470] acpi PNP0A03:00: _OSC: platform does not support [PCIeCapability]
[    0.236663] acpi PNP0A03:00: _OSC: not requesting control; platform does not support [PCIeCapability]
[    0.238051] acpi PNP0A03:00: _OSC: OS requested [PCIeHotplug PME AER PCIeCapability]
[    0.239295] acpi PNP0A03:00: _OSC: platform willing to grant [PCIeHotplug PME AER]
[    0.240004] acpi PNP0A03:00: _OSC failed (AE_SUPPORT); disabling ASPM
[    0.241349] PCI host bridge to bus 0000:00
[    0.242852] pci_bus 0000:00: root bus resource [io  0x0000-0x0cf7 window]
[    0.244004] pci_bus 0000:00: root bus resource [io  0x0d00-0xffff window]
[    0.245024] pci_bus 0000:00: root bus resource [mem 0x000a0000-0x000bffff window]
[    0.246129] pci_bus 0000:00: root bus resource [mem 0x40000000-0xfdffffff window]
[    0.247244] pci_bus 0000:00: root bus resource [bus 00-ff]
[    0.249740] pci 0000:00:01.1: legacy IDE quirk: reg 0x10: [io  0x01f0-0x01f7]
[    0.250779] pci 0000:00:01.1: legacy IDE quirk: reg 0x14: [io  0x03f6]
[    0.252006] pci 0000:00:01.1: legacy IDE quirk: reg 0x18: [io  0x0170-0x0177]
[    0.252985] pci 0000:00:01.1: legacy IDE quirk: reg 0x1c: [io  0x0376]
[    0.266586] pci 0000:00:07.0: quirk: [io  0x4000-0x403f] claimed by PIIX4 ACPI
[    0.268024] pci 0000:00:07.0: quirk: [io  0x4100-0x410f] claimed by PIIX4 SMB
[    0.281704] ACPI: PCI Interrupt Link [LNKA] (IRQs 5 9 10 *11)
[    0.283115] ACPI: PCI Interrupt Link [LNKB] (IRQs 5 9 *10 11)
[    0.283115] ACPI: PCI Interrupt Link [LNKC] (IRQs 5 *9 10 11)
[    0.283115] ACPI: PCI Interrupt Link [LNKD] (IRQs 5 9 10 *11)
[    0.283115] SCSI subsystem initialized
[    0.284055] pci 0000:00:02.0: vgaarb: setting as boot VGA device
[    0.284957] pci 0000:00:02.0: vgaarb: VGA device added: decodes=io+mem,owns=io+mem,locks=none
[    0.288009] pci 0000:00:02.0: vgaarb: bridge control possible
[    0.289208] vgaarb: loaded
[    0.289762] ACPI: bus type USB registered
[    0.292034] usbcore: registered new interface driver usbfs
[    0.292816] usbcore: registered new interface driver hub
[    0.293574] usbcore: registered new device driver usb
[    0.294417] EDAC MC: Ver: 3.0.0
[    0.296169] PCI: Using ACPI for IRQ routing
[    0.296916] NetLabel: Initializing
[    0.297574] NetLabel:  domain hash size = 128
[    0.298255] NetLabel:  protocols = UNLABELED CIPSOv4 CALIPSO
[    0.299093] NetLabel:  unlabeled traffic allowed by default
[    0.300142] clocksource: Switched to clocksource kvm-clock
[    0.308223] VFS: Disk quotas dquot_6.6.0
[    0.308223] VFS: Dquot-cache hash table entries: 512 (order 0, 4096 bytes)
[    0.308223] AppArmor: AppArmor Filesystem Enabled
[    0.308223] pnp: PnP ACPI init
[    0.308223] pnp: PnP ACPI: found 3 devices
[    0.331224] clocksource: acpi_pm: mask: 0xffffff max_cycles: 0xffffff, max_idle_ns: 2085701024 ns
[    0.332210] NET: Registered protocol family 2
[    0.332210] IP idents hash table entries: 16384 (order: 5, 131072 bytes)
[    0.335560] TCP established hash table entries: 8192 (order: 4, 65536 bytes)
[    0.336946] TCP bind hash table entries: 8192 (order: 5, 131072 bytes)
[    0.338078] TCP: Hash tables configured (established 8192 bind 8192)
[    0.339201] UDP hash table entries: 512 (order: 2, 16384 bytes)
[    0.340113] UDP-Lite hash table entries: 512 (order: 2, 16384 bytes)
[    0.340920] NET: Registered protocol family 1
[    0.340920] pci 0000:00:00.0: Limiting direct PCI/PCI transfers
[    0.340920] pci 0000:00:01.0: Activating ISA DMA hang workarounds
[    0.340920] pci 0000:00:02.0: Video device with shadowed ROM at [mem 0x000c0000-0x000dffff]
[    0.340920] Unpacking initramfs...
[    0.720094] Freeing initrd memory: 20396K
[    0.721009] clocksource: tsc: mask: 0xffffffffffffffff max_cycles: 0x30eac3f3011, max_idle_ns: 440795332092 ns
[    0.723151] platform rtc_cmos: registered platform RTC device (no PNP device found)
[    0.724235] Scanning for low memory corruption every 60 seconds
[    0.726356] Initialise system trusted keyrings
[    0.727250] Key type blacklist registered
[    0.728216] workingset: timestamp_bits=36 max_order=18 bucket_order=0
[    0.730262] zbud: loaded
[    0.731636] squashfs: version 4.0 (2009/01/31) Phillip Lougher
[    0.732880] fuse init (API version 7.26)
[    0.737796] Key type asymmetric registered
[    0.738752] Asymmetric key parser 'x509' registered
[    0.739607] Block layer SCSI generic (bsg) driver version 0.4 loaded (major 246)
[    0.741089] io scheduler noop registered
[    0.741680] io scheduler deadline registered
[    0.742338] io scheduler cfq registered (default)
[    0.743447] ACPI: AC Adapter [AC] (on-line)
[    0.744505] input: Power Button as /devices/LNXSYSTM:00/LNXPWRBN:00/input/input0
[    0.745738] ACPI: Power Button [PWRF]
[    0.746425] input: Sleep Button as /devices/LNXSYSTM:00/LNXSLPBN:00/input/input1
[    0.747761] ACPI: Sleep Button [SLPF]
[    0.748873] Serial: 8250/16550 driver, 32 ports, IRQ sharing enabled
[    0.770731] 00:02: ttyS0 at I/O 0x3f8 (irq = 4, base_baud = 115200) is a 16550A
[    0.776319] Linux agpgart interface v0.103
[    0.779357] loop: module loaded
[    0.780501] scsi host0: ata_piix
[    0.781311] scsi host1: ata_piix
[    0.781886] ata1: PATA max UDMA/33 cmd 0x1f0 ctl 0x3f6 bmdma 0xd000 irq 14
[    0.782916] ata2: PATA max UDMA/33 cmd 0x170 ctl 0x376 bmdma 0xd008 irq 15
[    0.784136] tun: Universal TUN/TAP device driver, 1.6
[    0.785033] PPP generic driver version 2.4.2
[    0.785868] ehci_hcd: USB 2.0 'Enhanced' Host Controller (EHCI) Driver
[    0.786929] ehci-pci: EHCI PCI platform driver
[    0.787711] ehci-platform: EHCI generic platform driver
[    0.788552] ohci_hcd: USB 1.1 'Open' Host Controller (OHCI) Driver
[    0.789494] ohci-pci: OHCI PCI platform driver
[    0.790262] ohci-platform: OHCI generic platform driver
[    0.791203] uhci_hcd: USB Universal Host Controller Interface driver
[    0.792230] i8042: PNP: PS/2 Controller [PNP0303:PS2K,PNP0f03:PS2M] at 0x60,0x64 irq 1,12
[    0.793989] serio: i8042 KBD port at 0x60,0x64 irq 1
[    0.794814] serio: i8042 AUX port at 0x60,0x64 irq 12
[    0.795882] mousedev: PS/2 mouse device common for all mice
[    0.797461] input: AT Translated Set 2 keyboard as /devices/platform/i8042/serio0/input/input2
[    0.799021] rtc_cmos rtc_cmos: rtc core: registered rtc_cmos as rtc0
[    0.800094] rtc_cmos rtc_cmos: alarms up to one day, 114 bytes nvram
[    0.801101] i2c /dev entries driver
[    0.801852] device-mapper: uevent: version 1.0.3
[    0.803388] device-mapper: ioctl: 4.37.0-ioctl (2017-09-20) initialised: dm-devel@redhat.com
[    0.804886] ledtrig-cpu: registered to indicate activity on CPUs
[    0.807187] NET: Registered protocol family 10
[    0.812708] Segment Routing with IPv6
[    0.813363] NET: Registered protocol family 17
[    0.814148] Key type dns_resolver registered
[    0.815177] mce: Using 0 MCE banks
[    0.815731] RAS: Correctable Errors collector initialized.
[    0.816572] sched_clock: Marking stable (816535465, 0)->(959063529, -142528064)
[    0.818133] registered taskstats version 1
[    0.818891] Loading compiled-in X.509 certificates
[    0.822634] Loaded X.509 cert 'Build time autogenerated kernel key: cdc7189136aaa35407544516090e2034d9c28e14'
[    0.824868] Loaded X.509 cert 'Canonical Ltd. Live Patch Signing: 14df34d1a87cf37625abec039ef2bf521249b969'
[    0.827049] Loaded X.509 cert 'Canonical Ltd. Kernel Module Signing: 88f752e560a1e0737e31163a466ad7b70a850c19'
[    0.828549] blacklist: Loading compiled-in revocation X.509 certificates
[    0.829514] Loaded X.509 cert 'Canonical Ltd. Secure Boot Signing: 61482aa2830d0ab2ad5af10b7250da9033ddcef0'
[    0.830927] Loaded X.509 cert 'Canonical Ltd. Secure Boot Signing (2017): 242ade75ac4a15e50d50c84b0d45ff3eae707a03'
[    0.832651] Loaded X.509 cert 'Canonical Ltd. Secure Boot Signing (ESM 2018): 365188c1d374d6b07c3c8f240f8ef722433d6a8b'
[    0.834468] Loaded X.509 cert 'Canonical Ltd. Secure Boot Signing (2019): c0746fd6c5da3ae827864651ad66ae47fe24b3e8'
[    0.835966] Loaded X.509 cert 'Canonical Ltd. Secure Boot Signing (2021 v1): a8d54bbb3825cfb94fa13c9f8a594a195c107b8d'
[    0.837647] Loaded X.509 cert 'Canonical Ltd. Secure Boot Signing (2021 v2): 4cf046892d6fd3c9a5b03f98d845f90851dc6a8c'
[    0.839318] Loaded X.509 cert 'Canonical Ltd. Secure Boot Signing (2021 v3): 100437bb6de6e469b581e61cd66bce3ef4ed53af'
[    0.840924] Loaded X.509 cert 'Canonical Ltd. Secure Boot Signing (Ubuntu Core 2019): c1d57b8f6b743f23ee41f4f7ee292f06eecadfb9'
[    0.842620] zswap: loaded using pool lzo/zbud
[    0.847369] Key type big_key registered
[    0.848056] Key type trusted registered
[    0.851299] Key type encrypted registered
[    0.852082] AppArmor: AppArmor sha1 policy hashing enabled
[    0.853130] ima: No TPM chip found, activating TPM-bypass! (rc=-19)
[    0.855095] ima: Allocated hash algorithm: sha1
[    0.856011] evm: HMAC attrs: 0x1
[    0.856827]   Magic number: 7:125:658
[    0.857512] rtc_cmos rtc_cmos: setting system clock to 2023-09-13 00:39:42 UTC (1694565582)
[    0.858838] BIOS EDD facility v0.16 2004-Jun-25, 0 devices found
[    0.859950] EDD information not available.
[    0.971887] Freeing unused kernel image memory: 2480K
[    0.984110] Write protecting the kernel read-only data: 20480k
[    0.985987] Freeing unused kernel image memory: 2008K
[    0.988055] Freeing unused kernel image memory: 1820K
[    0.998165] x86/mm: Checked W+X mappings: passed, no W+X pages found.
Loading, please wait...
starting version 237
[    1.079953] e1000: Intel(R) PRO/1000 Network Driver - version 7.3.21-k8-NAPI
[    1.081645] e1000: Copyright (c) 1999-2006 Intel Corporation.
[    1.082941] Fusion MPT base driver 3.04.20
[    1.083765] Copyright (c) 1999-2008 LSI Corporation
[    1.088430] Fusion MPT SPI Host driver 3.04.20
[    1.123508] AVX2 version of gcm_enc/dec engaged.
[    1.124520] AES CTR mode by8 optimization enabled
[    1.297364] input: ImExPS/2 Generic Explorer Mouse as /devices/platform/i8042/serio1/input/input4
[    1.472282] e1000 0000:00:03.0 eth0: (PCI:33MHz:32-bit) 02:3b:7b:b7:3b:2d
[    1.473302] e1000 0000:00:03.0 eth0: Intel(R) PRO/1000 Network Connection
[    1.836336] e1000 0000:00:08.0 eth1: (PCI:33MHz:32-bit) 08:00:27:fb:92:3a
[    1.837478] e1000 0000:00:08.0 eth1: Intel(R) PRO/1000 Network Connection
[    1.839768] e1000 0000:00:03.0 enp0s3: renamed from eth0
[    1.840262] mptbase: ioc0: Initiating bringup
[    1.856426] e1000 0000:00:08.0 enp0s8: renamed from eth1
[    1.940364] ioc0: LSI53C1030 A0: Capabilities={Initiator}
[    2.555197] scsi host2: ioc0: LSI53C1030 A0, FwRev=00000000h, Ports=1, MaxQ=256, IRQ=20
[    3.600826] scsi 2:0:0:0: Direct-Access     VBOX     HARDDISK         1.0  PQ: 0 ANSI: 5
[    4.184262] scsi target2:0:0: Beginning Domain Validation
[    4.186619] scsi target2:0:0: Domain Validation skipping write tests
[    4.187590] scsi target2:0:0: Ending Domain Validation
[    4.188451] scsi target2:0:0: asynchronous
[    4.189477] scsi 2:0:1:0: Direct-Access     VBOX     HARDDISK         1.0  PQ: 0 ANSI: 5
[    4.679158] scsi target2:0:1: Beginning Domain Validation
[    4.682196] scsi target2:0:1: Domain Validation skipping write tests
[    4.683207] scsi target2:0:1: Ending Domain Validation
[    4.684051] scsi target2:0:1: asynchronous
[    4.689616] sd 2:0:0:0: [sda] 83886080 512-byte logical blocks: (42.9 GB/40.0 GiB)
[    4.691156] sd 2:0:0:0: Attached scsi generic sg0 type 0
[    4.691928] sd 2:0:0:0: [sda] Write Protect is off
[    4.692930] sd 2:0:0:0: [sda] Incomplete mode parameter data
[    4.693874] sd 2:0:0:0: [sda] Assuming drive cache: write through
[    4.695271] sd 2:0:1:0: Attached scsi generic sg1 type 0
[    4.695397] sd 2:0:1:0: [sdb] 20480 512-byte logical blocks: (10.5 MB/10.0 MiB)
[    4.697609] sd 2:0:1:0: [sdb] Write Protect is off
[    4.698590] sd 2:0:1:0: [sdb] Incomplete mode parameter data
[    4.699537] sd 2:0:1:0: [sdb] Assuming drive cache: write through
[    4.700785]  sda: sda1
[    4.702103] sd 2:0:0:0: [sda] Attached SCSI disk
[    4.703515] sd 2:0:1:0: [sdb] Attached SCSI disk
Begin: Loading essential drivers ... [    6.204117] raid6: sse2x1   gen()  5506 MB/s
[    6.252077] raid6: sse2x1   xor()  4534 MB/s
[    6.300043] raid6: sse2x2   gen() 10382 MB/s
[    6.348068] raid6: sse2x2   xor()  6148 MB/s
[    6.396074] raid6: sse2x4   gen()  9994 MB/s
[    6.444042] raid6: sse2x4   xor()  6433 MB/s
[    6.492062] raid6: avx2x1   gen() 12102 MB/s
[    6.540059] raid6: avx2x1   xor()  7001 MB/s
[    6.588083] raid6: avx2x2   gen() 13675 MB/s
[    6.637033] raid6: avx2x2   xor()  8992 MB/s
[    6.684073] raid6: avx2x4   gen() 14693 MB/s
[    6.732085] raid6: avx2x4   xor()  7238 MB/s
[    6.733177] raid6: using algorithm avx2x4 gen() 14693 MB/s
[    6.734189] raid6: .... xor() 7238 MB/s, rmw enabled
[    6.735004] raid6: using avx2x2 recovery algorithm
[    6.737874] xor: automatically using best checksumming function   avx       
[    6.740535] async_tx: api initialized (async)
done.
Begin: Running /scripts/init-premount ... done.
Begin: Mounting root file system ... Begin: Running /scripts/local-top ... done.
Begin: Running /scripts/local-premount ... [    6.797952] Btrfs loaded, crc32c=crc32c-intel
Scanning for Btrfs filesystems
done.
Begin: Will now check root file system ... fsck from util-linux 2.31.1
[/sbin/fsck.ext4 (1) -- /dev/sda1] fsck.ext4 -a -C0 /dev/sda1 
cloudimg-rootfs: clean, 99347/5120000 files, 869102/10485499 blocks
done.
[    6.855655] EXT4-fs (sda1): mounted filesystem with ordered data mode. Opts: (null)
done.
Begin: Running /scripts/local-bottom ... done.
Begin: Running /scripts/init-bottom ... done.
[    7.074535] ip_tables: (C) 2000-2006 Netfilter Core Team
[    7.086814] systemd[1]: systemd 237 running in system mode. (+PAM +AUDIT +SELINUX +IMA +APPARMOR +SMACK +SYSVINIT +UTMP +LIBCRYPTSETUP +GCRYPT +GNUTLS +ACL +XZ +LZ4 +SECCOMP +BLKID +ELFUTILS +KMOD -IDN2 +IDN -PCRE2 default-hierarchy=hybrid)
[    7.090546] systemd[1]: Detected virtualization oracle.
[    7.091371] systemd[1]: Detected architecture x86-64.

Welcome to [1mUbuntu 18.04.6 LTS[0m!

[    7.098660] systemd[1]: Set hostname to <node-3>.
[    7.469410] systemd[1]: Created slice System Slice.
[[0;32m  OK  [0m] Created slice System Slice.
[    7.471465] systemd[1]: Listening on udev Control Socket.
[[0;32m  OK  [0m] Listening on udev Control Socket.
[    7.473065] systemd[1]: Created slice system-serial\x2dgetty.slice.
[[0;32m  OK  [0m] Created slice system-serial\x2dgetty.slice.
[    7.474809] systemd[1]: Listening on Journal Socket (/dev/log).
[[0;32m  OK  [0m] Listening on Journal Socket (/dev/log).
[    7.476474] systemd[1]: Listening on LVM2 poll daemon socket.
[[0;32m  OK  [0m] Listening on LVM2 poll daemon socket.
[    7.478060] systemd[1]: Listening on udev Kernel Socket.
[[0;32m  OK  [0m] Listening on udev Kernel Socket.
[[0;32m  OK  [0m] Set up automount Arbitrary Executab…rmats File System Automount Point.
[[0;32m  OK  [0m] Reached target User and Group Name Lookups.
[[0;32m  OK  [0m] Reached target Swap.
[[0;32m  OK  [0m] Listening on Network Service Netlink Socket.
[[0;32m  OK  [0m] Listening on /dev/initctl Compatibility Named Pipe.
[[0;32m  OK  [0m] Reached target Mounting snaps.
[[0;32m  OK  [0m] Reached target Mounted snaps.
[[0;32m  OK  [0m] Listening on Device-mapper event daemon FIFOs.
[[0;32m  OK  [0m] Listening on fsck to fsckd communication Socket.
[[0;32m  OK  [0m] Listening on Journal Socket.
         Starting Set the console keyboard layout...
         Starting Uncomplicated firewall...
         Starting udev Coldplug all Devices...
         Starting Load Kernel Modules...
         Mounting Kernel Debug File System...
[[0;32m  OK  [0m] Listening on Journal Audit Socket.
         Mounting POSIX Message Queue File System...
         Starting Remount Root and Kernel File Systems...
[[0;32m  OK  [0m] Listening on Syslog Socket.
         Starting Journal Service...
         Starting Create list of required st…ce nodes for the current kernel...
         Mounting Huge Pages File System...
[[0;32m  OK  [0m] Created slice User and Session Slice.
[[0;32m  OK  [0m] Reached target Slices.
[[0;32m  OK  [0m] Listening on LVM2 metadata daemon socket.
         Starting Monitoring of LVM2 mirrors…ng dmeventd or progress polling...
[[0;32m  OK  [0m] Started Forward Password Requests to Wall Directory Watch.
[[0;32m  OK  [0m] Reached target System Time Synchronized.
[[0;32m  OK  [0m] Started Uncomplicated firewall.
[[0;32m  OK  [0m] Mounted Kernel Debug File System.
[[0;32m  OK  [0m] Mounted POSIX Message Queue File System.
[[0;32m  OK  [0m] Mounted Huge Pages File System.
[[0;32m  OK  [0m] Started Create list of required sta…vice nodes for the current kernel.
         Starting Create Static Device Nodes in /dev...
[    8.459128] Loading iSCSI transport class v2.0-870.
[[0;32m  OK  [0m] Started Journal Service.
[[0;32m  OK  [0m] Started udev Coldplug all Devices.
[[0;32m  OK  [0m] Started LVM2 metadata daemon.
[    8.514141] EXT4-fs (sda1): re-mounted. Opts: (null)
[[0;32m  OK  [0m] Started Remount Root and Kernel File Systems.
         Starting Load/Save Random Seed...
[    8.527717] iscsi: registered transport (tcp)
[    8.550495] iscsi: registered transport (iser)
         Starting Flush Journal to Persistent Storage...
[[0;32m  OK  [0m] Started Load Kernel Modules.
         Mounting Kernel Configuration File System...
         Starting Apply Kernel Variables...
         Mounting FUSE Control File System...
[[0;32m  OK  [0m] Mounted Kernel Configuration File System.
[[0;32m  OK  [0m] Started Create Static Device Nodes in /dev.
[[0;32m  OK  [0m] Mounted FUSE Control File System.
         Starting udev Kernel Device Manager...
[[0;32m  OK  [0m] Started Load/Save Random Seed.
[[0;32m  OK  [0m] Started Monitoring of LVM2 mirrors,…sing dmeventd or progress polling.
[    8.611733] systemd-journald[418]: Received request to flush runtime journal from PID 1
[[0;32m  OK  [0m] Started Set the console keyboard layout.
[[0;32m  OK  [0m] Reached target Local File Systems (Pre).
[[0;32m  OK  [0m] Reached target Local File Systems.
         Starting AppArmor initialization...
         Starting Set console font and keymap...
         Starting Tell Plymouth To Write Out Runtime Data...
         Starting ebtables ruleset management...
[[0;32m  OK  [0m] Started udev Kernel Device Manager.
[[0;32m  OK  [0m] Started Dispatch Password Requests to Console Directory Watch.
[[0;32m  OK  [0m] Reached target Local Encrypted Volumes.
[[0;32m  OK  [0m] Started Apply Kernel Variables.
[[0;32m  OK  [0m] Started Set console font and keymap.
[[0;32m  OK  [0m] Started Tell Plymouth To Write Out Runtime Data.
[[0;32m  OK  [0m] Started Flush Journal to Persistent Storage.
         Starting Create Volatile Files and Directories...
[[0;32m  OK  [0m] Started ebtables ruleset management.
[[0;32m  OK  [0m] Started Create Volatile Files and Directories.
         Starting Update UTMP about System Boot/Shutdown...
[[0;32m  OK  [0m] Started Update UTMP about System Boot/Shutdown.
[[0;32m  OK  [0m] Found device /dev/ttyS0.
[[0;32m  OK  [0m] Listening on Load/Save RF Kill Switch Status /dev/rfkill Watch.
[[0;32m  OK  [0m] Started AppArmor initialization.
         Starting Load AppArmor profiles managed internally by snapd...
         Starting Initial cloud-init job (pre-networking)...
         Mounting Arbitrary Executable File Formats File System...
[[0;32m  OK  [0m] Mounted Arbitrary Executable File Formats File System.
[[0;32m  OK  [0m] Started Load AppArmor profiles managed internally by snapd.
[   10.647085] cloud-init[562]: Cloud-init v. 23.1.2-0ubuntu0~18.04.1 running 'init-local' at Wed, 13 Sep 2023 00:39:52 +0000. Up 10.41 seconds.
[[0;32m  OK  [0m] Started Initial cloud-init job (pre-networking).
[[0;32m  OK  [0m] Reached target Network (Pre).
         Starting Network Service...
[[0;32m  OK  [0m] Started Network Service.
         Starting Wait for Network to be Configured...
         Starting Network Name Resolution...
[[0;32m  OK  [0m] Started Network Name Resolution.
[[0;32m  OK  [0m] Reached target Network.
[[0;32m  OK  [0m] Reached target Host and Network Name Lookups.
[[0;32m  OK  [0m] Started Wait for Network to be Configured.
         Starting Initial cloud-init job (metadata service crawler)...
[   13.288714] cloud-init[684]: Cloud-init v. 23.1.2-0ubuntu0~18.04.1 running 'init' at Wed, 13 Sep 2023 00:39:54 +0000. Up 13.05 seconds.
[   13.289674] cloud-init[684]: ci-info: ++++++++++++++++++++++++++++++++++++++Net device info+++++++++++++++++++++++++++++++++++++++
[   13.291041] cloud-init[684]: ci-info: +--------+------+-----------------------------+---------------+--------+-------------------+
[   13.292041] cloud-init[684]: ci-info: | Device |  Up  |           Address           |      Mask     | Scope  |     Hw-Address    |
[   13.293192] cloud-init[684]: ci-info: +--------+------+-----------------------------+---------------+--------+-------------------+
[   13.295196] cloud-init[684]: ci-info: | enp0s3 | True |          10.0.2.15          | 255.255.255.0 | global | 02:3b:7b:b7:3b:2d |
[   13.296767] cloud-init[684]: ci-info: | enp0s3 | True |  fe80::3b:7bff:feb7:3b2d/64 |       .       |  link  | 02:3b:7b:b7:3b:2d |
[   13.297688] cloud-init[684]: ci-info: | enp0s8 | True |         172.89.0.13         | 255.255.255.0 | global | 08:00:27:fb:92:3a |
[   13.298566] cloud-init[684]: ci-info: | enp0s8 | True | fe80::a00:27ff:fefb:923a/64 |       .       |  link  | 08:00:27:fb:92:3a |
[   13.299374] cloud-init[684]: ci-info: |   lo   | True |          127.0.0.1          |   255.0.0.0   |  host  |         .         |
[   13.300547] cloud-init[684]: ci-info: |   lo   | True |           ::1/128           |       .       |  host  |         .         |
[   13.301483] cloud-init[684]: ci-info: +--------+------+-----------------------------+---------------+--------+-------------------+
[   13.302431] cloud-init[684]: ci-info: ++++++++++++++++++++++++++++Route IPv4 info+++++++++++++++++++++++++++++
[   13.306079] cloud-init[684]: ci-info: +-------+-------------+----------+-----------------+-----------+-------+
[   13.307240] cloud-init[684]: ci-info: | Route | Destination | Gateway  |     Genmask     | Interface | Flags |
[   13.308334] cloud-init[684]: ci-info: +-------+-------------+----------+-----------------+-----------+-------+
[   13.320342] cloud-init[684]: ci-info: |   0   |   0.0.0.0   | 10.0.2.2 |     0.0.0.0     |   enp0s3  |   UG  |
[   13.321239] cloud-init[684]: ci-info: |   1   |   10.0.2.0  | 0.0.0.0  |  255.255.255.0  |   enp0s3  |   U   |
[   13.322671] cloud-init[684]: ci-info: |   2   |   10.0.2.2  | 0.0.0.0  | 255.255.255.255 |   enp0s3  |   UH  |
[   13.323482] cloud-init[684]: ci-info: |   3   |  172.89.0.0 | 0.0.0.0  |  255.255.255.0  |   enp0s8  |   U   |
[   13.324445] cloud-init[684]: ci-info: +-------+-------------+----------+-----------------+-----------+-------+
[   13.325625] cloud-init[684]: ci-info: +++++++++++++++++++Route IPv6 info+++++++++++++++++++
[   13.326778] cloud-init[684]: ci-info: +-------+-------------+---------+-----------+-------+
[   13.327735] cloud-init[684]: ci-info: | Route | Destination | Gateway | Interface | Flags |
[   13.328528] cloud-init[684]: ci-info: +-------+-------------+---------+-----------+-------+
[   13.329435] cloud-init[684]: ci-info: |   1   |  fe80::/64  |    ::   |   enp0s8  |   U   |
[   13.330230] cloud-init[684]: ci-info: |   2   |  fe80::/64  |    ::   |   enp0s3  |   U   |
[   13.331029] cloud-init[684]: ci-info: |   4   |    local    |    ::   |   enp0s3  |   U   |
[   13.331784] cloud-init[684]: ci-info: |   5   |    local    |    ::   |   enp0s8  |   U   |
[   13.334513] cloud-init[684]: ci-info: |   6   |   ff00::/8  |    ::   |   enp0s8  |   U   |
[   13.335694] cloud-init[684]: ci-info: |   7   |   ff00::/8  |    ::   |   enp0s3  |   U   |
[   13.352337] cloud-init[684]: ci-info: +-------+-------------+---------+-----------+-------+
[[0;32m  OK  [0m] Started Initial cloud-init job (metadata service crawler).
[[0;32m  OK  [0m] Reached target Network is Online.
         Starting Availability of block devices...
[[0;32m  OK  [0m] Reached target Remote File Systems (Pre).
         Mounting /vagrant...
[[0;32m  OK  [0m] Reached target System Initialization.
         Starting Docker Socket for the API.
[[0;32m  OK  [0m] Listening on UUID daemon activation socket.
[[0;32m  OK  [0m] Started ACPI Events Check.
         Starting LXD - unix socket.
[[0;32m  OK  [0m] Listening on ACPID Listen Socket.
[[0;32m  OK  [0m] Started Daily Cleanup of Temporary Directories.
[[0;32m  OK  [0m] Started Message of the Day.
[[0;32m  OK  [0m] Listening on Open-iSCSI iscsid Socket.
[[0;32m  OK  [0m] Listening on D-Bus System Message Bus Socket.
[[0;32m  OK  [0m] Listening on cloud-init hotplug hook socket.
[[0;32m  OK  [0m] Started Daily apt download activities.
[[0;32m  OK  [0m] Started Daily apt upgrade and clean activities.
[[0;32m  OK  [0m] Started Discard unused blocks once a week.
[[0;32m  OK  [0m] Started Ubuntu Advantage Timer for running repeated jobs.
[[0;32m  OK  [0m] Reached target Timers.
         Starting Socket activation for snappy daemon.
[[0;32m  OK  [0m] Reached target Paths.
[[0;32m  OK  [0m] Reached target Cloud-config availability.
[[0;32m  OK  [0m] Started Availability of block devices.
[[0;32m  OK  [0m] Mounted /vagrant.
[[0;32m  OK  [0m] Listening on Docker Socket for the API.
[[0;32m  OK  [0m] Listening on LXD - unix socket.
[[0;32m  OK  [0m] Listening on Socket activation for snappy daemon.
[[0;32m  OK  [0m] Reached target Sockets.
[[0;32m  OK  [0m] Reached target Basic System.
         Starting LXD - container startup/shutdown...
[[0;32m  OK  [0m] Started Regular background program processing daemon.
         Starting Login Service...
         Starting Virtualbox guest utils...
         Starting Message of the Day...
         Starting containerd container runtime...
         Starting Snap Daemon...
[[0;32m  OK  [0m] Started Deferred execution scheduler.
         Starting System Logging Service...
[[0;32m  OK  [0m] Reached target Login Prompts (Pre).
[[0;32m  OK  [0m] Started D-Bus System Message Bus.
[[0;32m  OK  [0m] Started Login Service.
[[0;32m  OK  [0m] Started Unattended Upgrades Shutdown.
         Starting Accounts Service...
         Starting LSB: Record successful boot for GRUB...
         Starting Dispatcher daemon for systemd-networkd...
[[0;32m  OK  [0m] Started FUSE filesystem for LXC.
         Starting OpenBSD Secure Shell server...
[[0;32m  OK  [0m] Started irqbalance daemon.
[[0;32m  OK  [0m] Reached target Remote File Systems.
         Starting LSB: automatic crash report generation...
         Starting Permit User Sessions...
[[0;32m  OK  [0m] Started System Logging Service.
[[0;32m  OK  [0m] Started LXD - container startup/shutdown.
[[0;32m  OK  [0m] Started Permit User Sessions.
         Starting Terminate Plymouth Boot Screen...
         Starting Hold until boot process finishes up...
[[0;32m  OK  [0m] Started Hold until boot process finishes up.
         Starting Set console scheme...
[[0;32m  OK  [0m] Started Serial Getty on ttyS0.
[[0;32m  OK  [0m] Started Terminate Plymouth Boot Screen.
[[0;32m  OK  [0m] Started Set console scheme.
[[0;32m  OK  [0m] Created slice system-getty.slice.
[[0;32m  OK  [0m] Started Getty on tty1.
[[0;32m  OK  [0m] Reached target Login Prompts.
         Starting Authorization Manager...
[[0;32m  OK  [0m] Started LSB: automatic crash report generation.
[[0;32m  OK  [0m] Started OpenBSD Secure Shell server.
[[0;32m  OK  [0m] Started Authorization Manager.
[[0;32m  OK  [0m] Started Accounts Service.
[[0;32m  OK  [0m] Started LSB: Record successful boot for GRUB.
[[0;32m  OK  [0m] Started Virtualbox guest utils.
[[0;32m  OK  [0m] Created slice User Slice of vagrant.
         Starting User Manager for UID 1000...
[[0;32m  OK  [0m] Started Session 1 of user vagrant.
[[0;32m  OK  [0m] Started User Manager for UID 1000.
[[0;32m  OK  [0m] Started Dispatcher daemon for systemd-networkd.
[[0;32m  OK  [0m] Started Snap Daemon.
         Starting Wait until snapd is fully seeded...
         Starting Time & Date Service...
[[0;32m  OK  [0m] Started Time & Date Service.
[[0;32m  OK  [0m] Started containerd container runtime.
         Starting Docker Application Container Engine...
[[0;32m  OK  [0m] Started Wait until snapd is fully seeded.
         Starting Apply the settings specified in cloud-config...
[   16.953768] cloud-init[1238]: Cloud-init v. 23.1.2-0ubuntu0~18.04.1 running 'modules:config' at Wed, 13 Sep 2023 00:39:58 +0000. Up 16.70 seconds.
[[0;32m  OK  [0m] Started Apply the settings specified in cloud-config.
[[0;32m  OK  [0m] Started Message of the Day.

Ubuntu 18.04.6 LTS node-3 ttyS0

node-3 login: [   39.085849] cloud-init[2012]: Cloud-init v. 23.1.2-0ubuntu0~18.04.1 running 'modules:final' at Wed, 13 Sep 2023 00:40:20 +0000. Up 38.87 seconds.
[   39.086071] cloud-init[2012]: Cloud-init v. 23.1.2-0ubuntu0~18.04.1 finished at Wed, 13 Sep 2023 00:40:20 +0000. Datasource DataSourceNoCloud [seed=/dev/sdb][dsmode=net].  Up 39.07 seconds
et].  Up 40.54 seconds
